[0.710s] DEBUG:colcon:Command line arguments: ['/usr/bin/colcon', 'build']
[0.710s] DEBUG:colcon:Parsed command line arguments: Namespace(log_base=None, log_level=None, verb_name='build', build_base='build', install_base='install', merge_install=False, symlink_install=False, test_result_base=None, continue_on_error=False, executor='parallel', parallel_workers=20, event_handlers=None, ignore_user_meta=False, metas=['./colcon.meta'], base_paths=['.'], packages_ignore=None, packages_ignore_regex=None, paths=None, packages_up_to=None, packages_up_to_regex=None, packages_above=None, packages_above_and_dependencies=None, packages_above_depth=None, packages_select_by_dep=None, packages_skip_by_dep=None, packages_skip_up_to=None, packages_select_build_failed=False, packages_skip_build_finished=False, packages_select_test_failures=False, packages_skip_test_passed=False, packages_select=None, packages_skip=None, packages_select_regex=None, packages_skip_regex=None, packages_start=None, packages_end=None, allow_overriding=[], cmake_args=None, cmake_target=None, cmake_target_skip_unavailable=False, cmake_clean_cache=False, cmake_clean_first=False, cmake_force_configure=False, ament_cmake_args=None, catkin_cmake_args=None, catkin_skip_building_tests=False, verb_parser=<colcon_defaults.argument_parser.defaults.DefaultArgumentsDecorator object at 0x7fde48f32200>, verb_extension=<colcon_core.verb.build.BuildVerb object at 0x7fde48f284f0>, main=<bound method BuildVerb.main of <colcon_core.verb.build.BuildVerb object at 0x7fde48f284f0>>)
[0.738s] Level 1:colcon.colcon_core.package_discovery:discover_packages(colcon_meta) check parameters
[0.738s] Level 1:colcon.colcon_core.package_discovery:discover_packages(recursive) check parameters
[0.738s] Level 1:colcon.colcon_core.package_discovery:discover_packages(ignore) check parameters
[0.738s] Level 1:colcon.colcon_core.package_discovery:discover_packages(path) check parameters
[0.738s] Level 1:colcon.colcon_core.package_discovery:discover_packages(colcon_meta) discover
[0.738s] Level 1:colcon.colcon_core.package_discovery:discover_packages(recursive) discover
[0.738s] INFO:colcon.colcon_core.package_discovery:Crawling recursively for packages in '/home/shucheng/contact'
[0.738s] Level 1:colcon.colcon_core.package_identification:_identify(.) by extensions ['ignore', 'ignore_ament_install']
[0.738s] Level 1:colcon.colcon_core.package_identification:_identify(.) by extension 'ignore'
[0.738s] Level 1:colcon.colcon_core.package_identification:_identify(.) by extension 'ignore_ament_install'
[0.738s] Level 1:colcon.colcon_core.package_identification:_identify(.) by extensions ['colcon_pkg']
[0.738s] Level 1:colcon.colcon_core.package_identification:_identify(.) by extension 'colcon_pkg'
[0.738s] Level 1:colcon.colcon_core.package_identification:_identify(.) by extensions ['colcon_meta']
[0.739s] Level 1:colcon.colcon_core.package_identification:_identify(.) by extension 'colcon_meta'
[0.739s] Level 1:colcon.colcon_core.package_identification:_identify(.) by extensions ['ros']
[0.739s] Level 1:colcon.colcon_core.package_identification:_identify(.) by extension 'ros'
[0.748s] DEBUG:colcon.colcon_core.package_identification:Package '.' with type 'ros.ament_cmake' and name 'contact'
[0.748s] Level 1:colcon.colcon_core.package_discovery:discover_packages(recursive) using defaults
[0.748s] Level 1:colcon.colcon_core.package_discovery:discover_packages(ignore) discover
[0.748s] Level 1:colcon.colcon_core.package_discovery:discover_packages(ignore) using defaults
[0.748s] Level 1:colcon.colcon_core.package_discovery:discover_packages(path) discover
[0.748s] Level 1:colcon.colcon_core.package_discovery:discover_packages(path) using defaults
[0.797s] Level 1:colcon.colcon_core.package_discovery:discover_packages(prefix_path) check parameters
[0.797s] Level 1:colcon.colcon_core.package_discovery:discover_packages(prefix_path) discover
[0.814s] DEBUG:colcon.colcon_installed_package_information.package_discovery:Found 4 installed packages in /home/shucheng/GMaster_project/install
[0.821s] DEBUG:colcon.colcon_installed_package_information.package_discovery:Found 0 installed packages in /home/shucheng/install
[0.829s] DEBUG:colcon.colcon_installed_package_information.package_discovery:Found 308 installed packages in /opt/ros/humble
[0.830s] Level 1:colcon.colcon_core.package_discovery:discover_packages(prefix_path) using defaults
[0.886s] Level 5:colcon.colcon_core.verb:set package 'contact' build argument 'cmake_args' from command line to 'None'
[0.886s] Level 5:colcon.colcon_core.verb:set package 'contact' build argument 'cmake_target' from command line to 'None'
[0.887s] Level 5:colcon.colcon_core.verb:set package 'contact' build argument 'cmake_target_skip_unavailable' from command line to 'False'
[0.887s] Level 5:colcon.colcon_core.verb:set package 'contact' build argument 'cmake_clean_cache' from command line to 'False'
[0.887s] Level 5:colcon.colcon_core.verb:set package 'contact' build argument 'cmake_clean_first' from command line to 'False'
[0.887s] Level 5:colcon.colcon_core.verb:set package 'contact' build argument 'cmake_force_configure' from command line to 'False'
[0.887s] Level 5:colcon.colcon_core.verb:set package 'contact' build argument 'ament_cmake_args' from command line to 'None'
[0.887s] Level 5:colcon.colcon_core.verb:set package 'contact' build argument 'catkin_cmake_args' from command line to 'None'
[0.887s] Level 5:colcon.colcon_core.verb:set package 'contact' build argument 'catkin_skip_building_tests' from command line to 'False'
[0.887s] DEBUG:colcon.colcon_core.verb:Building package 'contact' with the following arguments: {'ament_cmake_args': None, 'build_base': '/home/shucheng/contact/build/contact', 'catkin_cmake_args': None, 'catkin_skip_building_tests': False, 'cmake_args': None, 'cmake_clean_cache': False, 'cmake_clean_first': False, 'cmake_force_configure': False, 'cmake_target': None, 'cmake_target_skip_unavailable': False, 'install_base': '/home/shucheng/contact/install/contact', 'merge_install': False, 'path': '/home/shucheng/contact', 'symlink_install': False, 'test_result_base': None}
[0.893s] INFO:colcon.colcon_core.executor:Executing jobs using 'parallel' executor
[0.901s] DEBUG:colcon.colcon_parallel_executor.executor.parallel:run_until_complete
[0.901s] INFO:colcon.colcon_ros.task.ament_cmake.build:Building ROS package in '/home/shucheng/contact' with build type 'ament_cmake'
[0.901s] INFO:colcon.colcon_cmake.task.cmake.build:Building CMake package in '/home/shucheng/contact'
[0.913s] INFO:colcon.colcon_core.plugin_system:Skipping extension 'colcon_core.shell.bat': Not used on non-Windows systems
[0.913s] INFO:colcon.colcon_core.shell:Skip shell extension 'powershell' for command environment: Not usable outside of PowerShell
[0.913s] DEBUG:colcon.colcon_core.shell:Skip shell extension 'dsv' for command environment
[0.961s] DEBUG:colcon.colcon_core.event_handler.log_command:Invoking command in '/home/shucheng/contact/build/contact': CMAKE_PREFIX_PATH=${CMAKE_PREFIX_PATH}:/opt/ros/humble /usr/bin/cmake --build /home/shucheng/contact/build/contact -- -j20 -l20
[12.042s] DEBUG:colcon.colcon_core.event_handler.log_command:Invoked command in '/home/shucheng/contact/build/contact' returned '0': CMAKE_PREFIX_PATH=${CMAKE_PREFIX_PATH}:/opt/ros/humble /usr/bin/cmake --build /home/shucheng/contact/build/contact -- -j20 -l20
[12.077s] DEBUG:colcon.colcon_core.event_handler.log_command:Invoking command in '/home/shucheng/contact/build/contact': CMAKE_PREFIX_PATH=${CMAKE_PREFIX_PATH}:/opt/ros/humble /usr/bin/cmake --install /home/shucheng/contact/build/contact
[12.090s] Level 1:colcon.colcon_core.environment:create_environment_scripts_only(contact)
[12.090s] DEBUG:colcon.colcon_core.event_handler.log_command:Invoked command in '/home/shucheng/contact/build/contact' returned '0': CMAKE_PREFIX_PATH=${CMAKE_PREFIX_PATH}:/opt/ros/humble /usr/bin/cmake --install /home/shucheng/contact/build/contact
[12.103s] Level 1:colcon.colcon_core.environment:checking '/home/shucheng/contact/install/contact' for CMake module files
[12.104s] Level 1:colcon.colcon_core.environment:checking '/home/shucheng/contact/install/contact' for CMake config files
[12.104s] Level 1:colcon.colcon_core.shell:create_environment_hook('contact', 'cmake_prefix_path')
[12.114s] INFO:colcon.colcon_core.shell:Creating environment hook '/home/shucheng/contact/install/contact/share/contact/hook/cmake_prefix_path.ps1'
[12.114s] INFO:colcon.colcon_core.shell:Creating environment descriptor '/home/shucheng/contact/install/contact/share/contact/hook/cmake_prefix_path.dsv'
[12.116s] INFO:colcon.colcon_core.shell:Creating environment hook '/home/shucheng/contact/install/contact/share/contact/hook/cmake_prefix_path.sh'
[12.117s] Level 1:colcon.colcon_core.environment:checking '/home/shucheng/contact/install/contact/lib'
[12.117s] Level 1:colcon.colcon_core.environment:checking '/home/shucheng/contact/install/contact/bin'
[12.117s] Level 1:colcon.colcon_core.environment:checking '/home/shucheng/contact/install/contact/lib/pkgconfig/contact.pc'
[12.118s] Level 1:colcon.colcon_core.environment:checking '/home/shucheng/contact/install/contact/lib/python3.10/site-packages'
[12.118s] Level 1:colcon.colcon_core.environment:checking '/home/shucheng/contact/install/contact/bin'
[12.132s] INFO:colcon.colcon_core.shell:Creating package script '/home/shucheng/contact/install/contact/share/contact/package.ps1'
[12.133s] INFO:colcon.colcon_core.shell:Creating package descriptor '/home/shucheng/contact/install/contact/share/contact/package.dsv'
[12.133s] INFO:colcon.colcon_core.shell:Creating package script '/home/shucheng/contact/install/contact/share/contact/package.sh'
[12.134s] INFO:colcon.colcon_core.shell:Creating package script '/home/shucheng/contact/install/contact/share/contact/package.bash'
[12.135s] INFO:colcon.colcon_core.shell:Creating package script '/home/shucheng/contact/install/contact/share/contact/package.zsh'
[12.135s] Level 1:colcon.colcon_core.environment:create_file_with_runtime_dependencies(/home/shucheng/contact/install/contact/share/colcon-core/packages/contact)
[12.168s] Level 1:colcon.colcon_core.environment:create_environment_scripts_only(contact)
[12.180s] Level 1:colcon.colcon_core.environment:checking '/home/shucheng/contact/install/contact' for CMake module files
[12.180s] Level 1:colcon.colcon_core.environment:checking '/home/shucheng/contact/install/contact' for CMake config files
[12.180s] Level 1:colcon.colcon_core.shell:create_environment_hook('contact', 'cmake_prefix_path')
[12.189s] INFO:colcon.colcon_core.shell:Creating environment hook '/home/shucheng/contact/install/contact/share/contact/hook/cmake_prefix_path.ps1'
[12.190s] INFO:colcon.colcon_core.shell:Creating environment descriptor '/home/shucheng/contact/install/contact/share/contact/hook/cmake_prefix_path.dsv'
[12.190s] INFO:colcon.colcon_core.shell:Creating environment hook '/home/shucheng/contact/install/contact/share/contact/hook/cmake_prefix_path.sh'
[12.190s] Level 1:colcon.colcon_core.environment:checking '/home/shucheng/contact/install/contact/lib'
[12.190s] Level 1:colcon.colcon_core.environment:checking '/home/shucheng/contact/install/contact/bin'
[12.190s] Level 1:colcon.colcon_core.environment:checking '/home/shucheng/contact/install/contact/lib/pkgconfig/contact.pc'
[12.191s] Level 1:colcon.colcon_core.environment:checking '/home/shucheng/contact/install/contact/lib/python3.10/site-packages'
[12.191s] Level 1:colcon.colcon_core.environment:checking '/home/shucheng/contact/install/contact/bin'
[12.199s] INFO:colcon.colcon_core.shell:Creating package script '/home/shucheng/contact/install/contact/share/contact/package.ps1'
[12.199s] INFO:colcon.colcon_core.shell:Creating package descriptor '/home/shucheng/contact/install/contact/share/contact/package.dsv'
[12.200s] INFO:colcon.colcon_core.shell:Creating package script '/home/shucheng/contact/install/contact/share/contact/package.sh'
[12.200s] INFO:colcon.colcon_core.shell:Creating package script '/home/shucheng/contact/install/contact/share/contact/package.bash'
[12.200s] INFO:colcon.colcon_core.shell:Creating package script '/home/shucheng/contact/install/contact/share/contact/package.zsh'
[12.200s] Level 1:colcon.colcon_core.environment:create_file_with_runtime_dependencies(/home/shucheng/contact/install/contact/share/colcon-core/packages/contact)
[12.201s] DEBUG:colcon.colcon_parallel_executor.executor.parallel:closing loop
[12.201s] DEBUG:colcon.colcon_parallel_executor.executor.parallel:loop closed
[12.202s] DEBUG:colcon.colcon_parallel_executor.executor.parallel:run_until_complete finished with '0'
[12.202s] DEBUG:colcon.colcon_core.event_reactor:joining thread
[12.249s] INFO:colcon.colcon_core.plugin_system:Skipping extension 'colcon_notification.desktop_notification.notify_send': Could not find 'notify-send'
[12.249s] INFO:colcon.colcon_core.plugin_system:Skipping extension 'colcon_notification.desktop_notification.terminal_notifier': Not used on non-Darwin systems
[12.249s] INFO:colcon.colcon_core.plugin_system:Skipping extension 'colcon_notification.desktop_notification.win32': Not used on non-Windows systems
[12.249s] INFO:colcon.colcon_notification.desktop_notification:Sending desktop notification using 'notify2'
[12.250s] DEBUG:colcon.colcon_notification.desktop_notification.notify2:Failed to initialize notify2: org.freedesktop.DBus.Error.FileNotFound: Failed to connect to socket /run/user/1000/bus: No such file or directory
[12.250s] DEBUG:colcon.colcon_core.event_reactor:joined thread
[12.279s] INFO:colcon.colcon_core.shell:Creating prefix script '/home/shucheng/contact/install/local_setup.ps1'
[12.280s] INFO:colcon.colcon_core.shell:Creating prefix util module '/home/shucheng/contact/install/_local_setup_util_ps1.py'
[12.288s] INFO:colcon.colcon_core.shell:Creating prefix chain script '/home/shucheng/contact/install/setup.ps1'
[12.300s] INFO:colcon.colcon_core.shell:Creating prefix script '/home/shucheng/contact/install/local_setup.sh'
[12.301s] INFO:colcon.colcon_core.shell:Creating prefix util module '/home/shucheng/contact/install/_local_setup_util_sh.py'
[12.301s] INFO:colcon.colcon_core.shell:Creating prefix chain script '/home/shucheng/contact/install/setup.sh'
[12.309s] INFO:colcon.colcon_core.shell:Creating prefix script '/home/shucheng/contact/install/local_setup.bash'
[12.310s] INFO:colcon.colcon_core.shell:Creating prefix chain script '/home/shucheng/contact/install/setup.bash'
[12.319s] INFO:colcon.colcon_core.shell:Creating prefix script '/home/shucheng/contact/install/local_setup.zsh'
[12.320s] INFO:colcon.colcon_core.shell:Creating prefix chain script '/home/shucheng/contact/install/setup.zsh'
