[0.020s] Invoking command in '/home/shucheng/contact/build/contact': /usr/bin/cmake --build /home/shucheng/contact/build/contact -- -j20 -l20
[0.081s] [ 50%] Built target serial
[0.090s] [35m[1mConsolidate compiler generated dependencies of target contact[0m
[0.102s] [ 62%] [32mBuilding CXX object CMakeFiles/contact.dir/src/ContactNode.cpp.o[0m
[2.755s] In file included from [01m[K/home/shucheng/contact/src/ContactNode.cpp:3[m[K:
[2.755s] [01m[K/home/shucheng/contact/include/CommPort.h:43:5:[m[K [01;35m[Kwarning: [m[K‘[01m[Ktypedef[m[K’ was ignored in this declaration
[2.755s]    43 |     [01;35m[Ktypedef[m[K struct ProjectileRx
[2.755s]       |     [01;35m[K^~~~~~~[m[K
[2.759s] [01m[K/home/shucheng/contact/include/CommPort.h:[m[K In member function ‘[01m[Kfloat* CommPort::getQuaternion()[m[K’:
[2.759s] [01m[K/home/shucheng/contact/include/CommPort.h:102:27:[m[K [01;35m[Kwarning: [m[Ktaking address of packed member of ‘[01m[KCommPort::ProjectileRx[m[K’ may result in an unaligned pointer value [[01;35m[K]8;;https://gcc.gnu.org/onlinedocs/gcc/Warning-Options.html#index-Waddress-of-packed-member-Waddress-of-packed-member]8;;[m[K]
[2.759s]   102 |         return [01;35m[Krx_struct_.q[m[K;
[2.759s]       |                [01;35m[K~~~~~~~~~~~^[m[K
[7.148s] [ 75%] [32m[1mLinking CXX executable contact[0m
[7.527s] [100%] Built target contact
[7.534s] Invoked command in '/home/shucheng/contact/build/contact' returned '0': /usr/bin/cmake --build /home/shucheng/contact/build/contact -- -j20 -l20
[7.560s] Invoking command in '/home/shucheng/contact/build/contact': /usr/bin/cmake --install /home/shucheng/contact/build/contact
[7.566s] -- Install configuration: ""
[7.567s] -- Installing: /home/shucheng/contact/install/contact/lib/contact/contact
[7.586s] -- Set runtime path of "/home/shucheng/contact/install/contact/lib/contact/contact" to ""
[7.586s] -- Up-to-date: /home/shucheng/contact/install/contact/share/ament_index/resource_index/package_run_dependencies/contact
[7.586s] -- Up-to-date: /home/shucheng/contact/install/contact/share/ament_index/resource_index/parent_prefix_path/contact
[7.586s] -- Up-to-date: /home/shucheng/contact/install/contact/share/contact/environment/ament_prefix_path.sh
[7.586s] -- Up-to-date: /home/shucheng/contact/install/contact/share/contact/environment/ament_prefix_path.dsv
[7.586s] -- Up-to-date: /home/shucheng/contact/install/contact/share/contact/environment/path.sh
[7.586s] -- Up-to-date: /home/shucheng/contact/install/contact/share/contact/environment/path.dsv
[7.586s] -- Up-to-date: /home/shucheng/contact/install/contact/share/contact/local_setup.bash
[7.586s] -- Up-to-date: /home/shucheng/contact/install/contact/share/contact/local_setup.sh
[7.586s] -- Up-to-date: /home/shucheng/contact/install/contact/share/contact/local_setup.zsh
[7.586s] -- Up-to-date: /home/shucheng/contact/install/contact/share/contact/local_setup.dsv
[7.586s] -- Installing: /home/shucheng/contact/install/contact/share/contact/package.dsv
[7.586s] -- Up-to-date: /home/shucheng/contact/install/contact/share/ament_index/resource_index/packages/contact
[7.587s] -- Up-to-date: /home/shucheng/contact/install/contact/share/contact/cmake/contactConfig.cmake
[7.587s] -- Up-to-date: /home/shucheng/contact/install/contact/share/contact/cmake/contactConfig-version.cmake
[7.587s] -- Up-to-date: /home/shucheng/contact/install/contact/share/contact/package.xml
[7.589s] Invoked command in '/home/shucheng/contact/build/contact' returned '0': /usr/bin/cmake --install /home/shucheng/contact/build/contact
