[ 50%] Built target serial
[35m[1mConsolidate compiler generated dependencies of target contact[0m
[ 62%] [32mBuilding CXX object CMakeFiles/contact.dir/src/CommPort.cpp.o[0m
[ 75%] [32mBuilding CXX object CMakeFiles/contact.dir/src/ContactNode.cpp.o[0m
[ 87%] [32m[1mLinking CXX executable contact[0m
[100%] Built target contact
-- Install configuration: ""
-- Installing: /home/shucheng/contact/install/contact/lib/contact/contact
-- Set runtime path of "/home/shucheng/contact/install/contact/lib/contact/contact" to ""
-- Up-to-date: /home/shucheng/contact/install/contact/share/ament_index/resource_index/package_run_dependencies/contact
-- Up-to-date: /home/shucheng/contact/install/contact/share/ament_index/resource_index/parent_prefix_path/contact
-- Up-to-date: /home/shucheng/contact/install/contact/share/contact/environment/ament_prefix_path.sh
-- Up-to-date: /home/shucheng/contact/install/contact/share/contact/environment/ament_prefix_path.dsv
-- Up-to-date: /home/shucheng/contact/install/contact/share/contact/environment/path.sh
-- Up-to-date: /home/shucheng/contact/install/contact/share/contact/environment/path.dsv
-- Up-to-date: /home/shucheng/contact/install/contact/share/contact/local_setup.bash
-- Up-to-date: /home/shucheng/contact/install/contact/share/contact/local_setup.sh
-- Up-to-date: /home/shucheng/contact/install/contact/share/contact/local_setup.zsh
-- Up-to-date: /home/shucheng/contact/install/contact/share/contact/local_setup.dsv
-- Installing: /home/shucheng/contact/install/contact/share/contact/package.dsv
-- Up-to-date: /home/shucheng/contact/install/contact/share/ament_index/resource_index/packages/contact
-- Up-to-date: /home/shucheng/contact/install/contact/share/contact/cmake/contactConfig.cmake
-- Up-to-date: /home/shucheng/contact/install/contact/share/contact/cmake/contactConfig-version.cmake
-- Up-to-date: /home/shucheng/contact/install/contact/share/contact/package.xml
