[0.717s] DEBUG:colcon:Command line arguments: ['/usr/bin/colcon', 'build']
[0.717s] DEBUG:colcon:Parsed command line arguments: Namespace(log_base=None, log_level=None, verb_name='build', build_base='build', install_base='install', merge_install=False, symlink_install=False, test_result_base=None, continue_on_error=False, executor='parallel', parallel_workers=20, event_handlers=None, ignore_user_meta=False, metas=['./colcon.meta'], base_paths=['.'], packages_ignore=None, packages_ignore_regex=None, paths=None, packages_up_to=None, packages_up_to_regex=None, packages_above=None, packages_above_and_dependencies=None, packages_above_depth=None, packages_select_by_dep=None, packages_skip_by_dep=None, packages_skip_up_to=None, packages_select_build_failed=False, packages_skip_build_finished=False, packages_select_test_failures=False, packages_skip_test_passed=False, packages_select=None, packages_skip=None, packages_select_regex=None, packages_skip_regex=None, packages_start=None, packages_end=None, allow_overriding=[], cmake_args=None, cmake_target=None, cmake_target_skip_unavailable=False, cmake_clean_cache=False, cmake_clean_first=False, cmake_force_configure=False, ament_cmake_args=None, catkin_cmake_args=None, catkin_skip_building_tests=False, verb_parser=<colcon_defaults.argument_parser.defaults.DefaultArgumentsDecorator object at 0x7f7dce2d0070>, verb_extension=<colcon_core.verb.build.BuildVerb object at 0x7f7dce2bc520>, main=<bound method BuildVerb.main of <colcon_core.verb.build.BuildVerb object at 0x7f7dce2bc520>>)
[0.748s] Level 1:colcon.colcon_core.package_discovery:discover_packages(colcon_meta) check parameters
[0.748s] Level 1:colcon.colcon_core.package_discovery:discover_packages(recursive) check parameters
[0.748s] Level 1:colcon.colcon_core.package_discovery:discover_packages(ignore) check parameters
[0.748s] Level 1:colcon.colcon_core.package_discovery:discover_packages(path) check parameters
[0.748s] Level 1:colcon.colcon_core.package_discovery:discover_packages(colcon_meta) discover
[0.748s] Level 1:colcon.colcon_core.package_discovery:discover_packages(recursive) discover
[0.748s] INFO:colcon.colcon_core.package_discovery:Crawling recursively for packages in '/home/shucheng/contact'
[0.748s] Level 1:colcon.colcon_core.package_identification:_identify(.) by extensions ['ignore', 'ignore_ament_install']
[0.748s] Level 1:colcon.colcon_core.package_identification:_identify(.) by extension 'ignore'
[0.748s] Level 1:colcon.colcon_core.package_identification:_identify(.) by extension 'ignore_ament_install'
[0.748s] Level 1:colcon.colcon_core.package_identification:_identify(.) by extensions ['colcon_pkg']
[0.748s] Level 1:colcon.colcon_core.package_identification:_identify(.) by extension 'colcon_pkg'
[0.748s] Level 1:colcon.colcon_core.package_identification:_identify(.) by extensions ['colcon_meta']
[0.748s] Level 1:colcon.colcon_core.package_identification:_identify(.) by extension 'colcon_meta'
[0.748s] Level 1:colcon.colcon_core.package_identification:_identify(.) by extensions ['ros']
[0.748s] Level 1:colcon.colcon_core.package_identification:_identify(.) by extension 'ros'
[0.758s] DEBUG:colcon.colcon_core.package_identification:Package '.' with type 'ros.ament_cmake' and name 'contact'
[0.759s] Level 1:colcon.colcon_core.package_discovery:discover_packages(recursive) using defaults
[0.759s] Level 1:colcon.colcon_core.package_discovery:discover_packages(ignore) discover
[0.759s] Level 1:colcon.colcon_core.package_discovery:discover_packages(ignore) using defaults
[0.759s] Level 1:colcon.colcon_core.package_discovery:discover_packages(path) discover
[0.759s] Level 1:colcon.colcon_core.package_discovery:discover_packages(path) using defaults
[0.821s] Level 1:colcon.colcon_core.package_discovery:discover_packages(prefix_path) check parameters
[0.821s] Level 1:colcon.colcon_core.package_discovery:discover_packages(prefix_path) discover
[0.837s] DEBUG:colcon.colcon_installed_package_information.package_discovery:Found 4 installed packages in /home/shucheng/GMaster_project/install
[0.845s] DEBUG:colcon.colcon_installed_package_information.package_discovery:Found 0 installed packages in /home/shucheng/install
[0.853s] DEBUG:colcon.colcon_installed_package_information.package_discovery:Found 308 installed packages in /opt/ros/humble
[0.855s] Level 1:colcon.colcon_core.package_discovery:discover_packages(prefix_path) using defaults
[0.943s] Level 5:colcon.colcon_core.verb:set package 'contact' build argument 'cmake_args' from command line to 'None'
[0.943s] Level 5:colcon.colcon_core.verb:set package 'contact' build argument 'cmake_target' from command line to 'None'
[0.943s] Level 5:colcon.colcon_core.verb:set package 'contact' build argument 'cmake_target_skip_unavailable' from command line to 'False'
[0.943s] Level 5:colcon.colcon_core.verb:set package 'contact' build argument 'cmake_clean_cache' from command line to 'False'
[0.943s] Level 5:colcon.colcon_core.verb:set package 'contact' build argument 'cmake_clean_first' from command line to 'False'
[0.943s] Level 5:colcon.colcon_core.verb:set package 'contact' build argument 'cmake_force_configure' from command line to 'False'
[0.943s] Level 5:colcon.colcon_core.verb:set package 'contact' build argument 'ament_cmake_args' from command line to 'None'
[0.943s] Level 5:colcon.colcon_core.verb:set package 'contact' build argument 'catkin_cmake_args' from command line to 'None'
[0.943s] Level 5:colcon.colcon_core.verb:set package 'contact' build argument 'catkin_skip_building_tests' from command line to 'False'
[0.943s] DEBUG:colcon.colcon_core.verb:Building package 'contact' with the following arguments: {'ament_cmake_args': None, 'build_base': '/home/shucheng/contact/build/contact', 'catkin_cmake_args': None, 'catkin_skip_building_tests': False, 'cmake_args': None, 'cmake_clean_cache': False, 'cmake_clean_first': False, 'cmake_force_configure': False, 'cmake_target': None, 'cmake_target_skip_unavailable': False, 'install_base': '/home/shucheng/contact/install/contact', 'merge_install': False, 'path': '/home/shucheng/contact', 'symlink_install': False, 'test_result_base': None}
[0.950s] INFO:colcon.colcon_core.executor:Executing jobs using 'parallel' executor
[0.961s] DEBUG:colcon.colcon_parallel_executor.executor.parallel:run_until_complete
[0.961s] INFO:colcon.colcon_ros.task.ament_cmake.build:Building ROS package in '/home/shucheng/contact' with build type 'ament_cmake'
[0.961s] INFO:colcon.colcon_cmake.task.cmake.build:Building CMake package in '/home/shucheng/contact'
[0.977s] INFO:colcon.colcon_core.plugin_system:Skipping extension 'colcon_core.shell.bat': Not used on non-Windows systems
[0.977s] INFO:colcon.colcon_core.shell:Skip shell extension 'powershell' for command environment: Not usable outside of PowerShell
[0.977s] DEBUG:colcon.colcon_core.shell:Skip shell extension 'dsv' for command environment
[1.039s] DEBUG:colcon.colcon_core.event_handler.log_command:Invoking command in '/home/shucheng/contact/build/contact': CMAKE_PREFIX_PATH=${CMAKE_PREFIX_PATH}:/opt/ros/humble /usr/bin/cmake --build /home/shucheng/contact/build/contact -- -j20 -l20
[9.475s] DEBUG:colcon.colcon_core.event_handler.log_command:Invoked command in '/home/shucheng/contact/build/contact' returned '0': CMAKE_PREFIX_PATH=${CMAKE_PREFIX_PATH}:/opt/ros/humble /usr/bin/cmake --build /home/shucheng/contact/build/contact -- -j20 -l20
[9.508s] DEBUG:colcon.colcon_core.event_handler.log_command:Invoking command in '/home/shucheng/contact/build/contact': CMAKE_PREFIX_PATH=${CMAKE_PREFIX_PATH}:/opt/ros/humble /usr/bin/cmake --install /home/shucheng/contact/build/contact
[9.534s] Level 1:colcon.colcon_core.environment:create_environment_scripts_only(contact)
[9.534s] DEBUG:colcon.colcon_core.event_handler.log_command:Invoked command in '/home/shucheng/contact/build/contact' returned '0': CMAKE_PREFIX_PATH=${CMAKE_PREFIX_PATH}:/opt/ros/humble /usr/bin/cmake --install /home/shucheng/contact/build/contact
[9.555s] Level 1:colcon.colcon_core.environment:checking '/home/shucheng/contact/install/contact' for CMake module files
[9.555s] Level 1:colcon.colcon_core.environment:checking '/home/shucheng/contact/install/contact' for CMake config files
[9.555s] Level 1:colcon.colcon_core.shell:create_environment_hook('contact', 'cmake_prefix_path')
[9.569s] INFO:colcon.colcon_core.shell:Creating environment hook '/home/shucheng/contact/install/contact/share/contact/hook/cmake_prefix_path.ps1'
[9.571s] INFO:colcon.colcon_core.shell:Creating environment descriptor '/home/shucheng/contact/install/contact/share/contact/hook/cmake_prefix_path.dsv'
[9.571s] INFO:colcon.colcon_core.shell:Creating environment hook '/home/shucheng/contact/install/contact/share/contact/hook/cmake_prefix_path.sh'
[9.572s] Level 1:colcon.colcon_core.environment:checking '/home/shucheng/contact/install/contact/lib'
[9.573s] Level 1:colcon.colcon_core.environment:checking '/home/shucheng/contact/install/contact/bin'
[9.573s] Level 1:colcon.colcon_core.environment:checking '/home/shucheng/contact/install/contact/lib/pkgconfig/contact.pc'
[9.573s] Level 1:colcon.colcon_core.environment:checking '/home/shucheng/contact/install/contact/lib/python3.10/site-packages'
[9.573s] Level 1:colcon.colcon_core.environment:checking '/home/shucheng/contact/install/contact/bin'
[9.585s] INFO:colcon.colcon_core.shell:Creating package script '/home/shucheng/contact/install/contact/share/contact/package.ps1'
[9.586s] INFO:colcon.colcon_core.shell:Creating package descriptor '/home/shucheng/contact/install/contact/share/contact/package.dsv'
[9.587s] INFO:colcon.colcon_core.shell:Creating package script '/home/shucheng/contact/install/contact/share/contact/package.sh'
[9.588s] INFO:colcon.colcon_core.shell:Creating package script '/home/shucheng/contact/install/contact/share/contact/package.bash'
[9.589s] INFO:colcon.colcon_core.shell:Creating package script '/home/shucheng/contact/install/contact/share/contact/package.zsh'
[9.590s] Level 1:colcon.colcon_core.environment:create_file_with_runtime_dependencies(/home/shucheng/contact/install/contact/share/colcon-core/packages/contact)
[9.626s] Level 1:colcon.colcon_core.environment:create_environment_scripts_only(contact)
[9.634s] Level 1:colcon.colcon_core.environment:checking '/home/shucheng/contact/install/contact' for CMake module files
[9.634s] Level 1:colcon.colcon_core.environment:checking '/home/shucheng/contact/install/contact' for CMake config files
[9.634s] Level 1:colcon.colcon_core.shell:create_environment_hook('contact', 'cmake_prefix_path')
[9.643s] INFO:colcon.colcon_core.shell:Creating environment hook '/home/shucheng/contact/install/contact/share/contact/hook/cmake_prefix_path.ps1'
[9.644s] INFO:colcon.colcon_core.shell:Creating environment descriptor '/home/shucheng/contact/install/contact/share/contact/hook/cmake_prefix_path.dsv'
[9.644s] INFO:colcon.colcon_core.shell:Creating environment hook '/home/shucheng/contact/install/contact/share/contact/hook/cmake_prefix_path.sh'
[9.645s] Level 1:colcon.colcon_core.environment:checking '/home/shucheng/contact/install/contact/lib'
[9.645s] Level 1:colcon.colcon_core.environment:checking '/home/shucheng/contact/install/contact/bin'
[9.645s] Level 1:colcon.colcon_core.environment:checking '/home/shucheng/contact/install/contact/lib/pkgconfig/contact.pc'
[9.645s] Level 1:colcon.colcon_core.environment:checking '/home/shucheng/contact/install/contact/lib/python3.10/site-packages'
[9.646s] Level 1:colcon.colcon_core.environment:checking '/home/shucheng/contact/install/contact/bin'
[9.654s] INFO:colcon.colcon_core.shell:Creating package script '/home/shucheng/contact/install/contact/share/contact/package.ps1'
[9.655s] INFO:colcon.colcon_core.shell:Creating package descriptor '/home/shucheng/contact/install/contact/share/contact/package.dsv'
[9.655s] INFO:colcon.colcon_core.shell:Creating package script '/home/shucheng/contact/install/contact/share/contact/package.sh'
[9.656s] INFO:colcon.colcon_core.shell:Creating package script '/home/shucheng/contact/install/contact/share/contact/package.bash'
[9.656s] INFO:colcon.colcon_core.shell:Creating package script '/home/shucheng/contact/install/contact/share/contact/package.zsh'
[9.657s] Level 1:colcon.colcon_core.environment:create_file_with_runtime_dependencies(/home/shucheng/contact/install/contact/share/colcon-core/packages/contact)
[9.657s] DEBUG:colcon.colcon_parallel_executor.executor.parallel:closing loop
[9.658s] DEBUG:colcon.colcon_parallel_executor.executor.parallel:loop closed
[9.658s] DEBUG:colcon.colcon_parallel_executor.executor.parallel:run_until_complete finished with '0'
[9.658s] DEBUG:colcon.colcon_core.event_reactor:joining thread
[9.721s] INFO:colcon.colcon_core.plugin_system:Skipping extension 'colcon_notification.desktop_notification.notify_send': Could not find 'notify-send'
[9.721s] INFO:colcon.colcon_core.plugin_system:Skipping extension 'colcon_notification.desktop_notification.terminal_notifier': Not used on non-Darwin systems
[9.721s] INFO:colcon.colcon_core.plugin_system:Skipping extension 'colcon_notification.desktop_notification.win32': Not used on non-Windows systems
[9.722s] INFO:colcon.colcon_notification.desktop_notification:Sending desktop notification using 'notify2'
[9.722s] DEBUG:colcon.colcon_notification.desktop_notification.notify2:Failed to initialize notify2: org.freedesktop.DBus.Error.FileNotFound: Failed to connect to socket /run/user/1000/bus: No such file or directory
[9.722s] DEBUG:colcon.colcon_core.event_reactor:joined thread
[9.744s] INFO:colcon.colcon_core.shell:Creating prefix script '/home/shucheng/contact/install/local_setup.ps1'
[9.745s] INFO:colcon.colcon_core.shell:Creating prefix util module '/home/shucheng/contact/install/_local_setup_util_ps1.py'
[9.747s] INFO:colcon.colcon_core.shell:Creating prefix chain script '/home/shucheng/contact/install/setup.ps1'
[9.761s] INFO:colcon.colcon_core.shell:Creating prefix script '/home/shucheng/contact/install/local_setup.sh'
[9.761s] INFO:colcon.colcon_core.shell:Creating prefix util module '/home/shucheng/contact/install/_local_setup_util_sh.py'
[9.762s] INFO:colcon.colcon_core.shell:Creating prefix chain script '/home/shucheng/contact/install/setup.sh'
[9.774s] INFO:colcon.colcon_core.shell:Creating prefix script '/home/shucheng/contact/install/local_setup.bash'
[9.775s] INFO:colcon.colcon_core.shell:Creating prefix chain script '/home/shucheng/contact/install/setup.bash'
[9.785s] INFO:colcon.colcon_core.shell:Creating prefix script '/home/shucheng/contact/install/local_setup.zsh'
[9.786s] INFO:colcon.colcon_core.shell:Creating prefix chain script '/home/shucheng/contact/install/setup.zsh'
