[ 50%] Built target serial
[35m[1mConsolidate compiler generated dependencies of target contact[0m
[ 62%] [32mBuilding CXX object CMakeFiles/contact.dir/src/ContactNode.cpp.o[0m
In file included from [01m[K/home/shucheng/contact/src/ContactNode.cpp:3[m[K:
[01m[K/home/shucheng/contact/include/CommPort.h:43:5:[m[K [01;35m[Kwarning: [m[K‘[01m[Ktypedef[m[K’ was ignored in this declaration
   43 |     [01;35m[Ktypedef[m[K struct ProjectileRx
      |     [01;35m[K^~~~~~~[m[K
[ 75%] [32m[1mLinking CXX executable contact[0m
[100%] Built target contact
-- Install configuration: ""
-- Installing: /home/shucheng/contact/install/contact/lib/contact/contact
-- Set runtime path of "/home/shucheng/contact/install/contact/lib/contact/contact" to ""
-- Installing: /home/shucheng/contact/install/contact/share/ament_index/resource_index/package_run_dependencies/contact
-- Installing: /home/shucheng/contact/install/contact/share/ament_index/resource_index/parent_prefix_path/contact
-- Installing: /home/shucheng/contact/install/contact/share/contact/environment/ament_prefix_path.sh
-- Installing: /home/shucheng/contact/install/contact/share/contact/environment/ament_prefix_path.dsv
-- Installing: /home/shucheng/contact/install/contact/share/contact/environment/path.sh
-- Installing: /home/shucheng/contact/install/contact/share/contact/environment/path.dsv
-- Installing: /home/shucheng/contact/install/contact/share/contact/local_setup.bash
-- Installing: /home/shucheng/contact/install/contact/share/contact/local_setup.sh
-- Installing: /home/shucheng/contact/install/contact/share/contact/local_setup.zsh
-- Installing: /home/shucheng/contact/install/contact/share/contact/local_setup.dsv
-- Installing: /home/shucheng/contact/install/contact/share/contact/package.dsv
-- Installing: /home/shucheng/contact/install/contact/share/ament_index/resource_index/packages/contact
-- Installing: /home/shucheng/contact/install/contact/share/contact/cmake/contactConfig.cmake
-- Installing: /home/shucheng/contact/install/contact/share/contact/cmake/contactConfig-version.cmake
-- Installing: /home/shucheng/contact/install/contact/share/contact/package.xml
