[0.077s] Invoking command in '/home/shucheng/contact/build/contact': CMAKE_PREFIX_PATH=${CMAKE_PREFIX_PATH}:/opt/ros/humble /usr/bin/cmake --build /home/shucheng/contact/build/contact -- -j20 -l20
[0.118s] [ 50%] Built target serial
[0.129s] [35m[1mConsolidate compiler generated dependencies of target contact[0m
[0.149s] [ 62%] [32mBuilding CXX object CMakeFiles/contact.dir/src/ContactNode.cpp.o[0m
[2.575s] In file included from [01m[K/home/shucheng/contact/src/ContactNode.cpp:3[m[K:
[2.575s] [01m[K/home/shucheng/contact/include/CommPort.h:43:5:[m[K [01;35m[Kwarning: [m[K‘[01m[Ktypedef[m[K’ was ignored in this declaration
[2.575s]    43 |     [01;35m[Ktypedef[m[K struct ProjectileRx
[2.575s]       |     [01;35m[K^~~~~~~[m[K
[8.115s] [ 75%] [32m[1mLinking CXX executable contact[0m
[8.503s] [100%] Built target contact
[8.513s] Invoked command in '/home/shucheng/contact/build/contact' returned '0': CMAKE_PREFIX_PATH=${CMAKE_PREFIX_PATH}:/opt/ros/humble /usr/bin/cmake --build /home/shucheng/contact/build/contact -- -j20 -l20
[8.547s] Invoking command in '/home/shucheng/contact/build/contact': CMAKE_PREFIX_PATH=${CMAKE_PREFIX_PATH}:/opt/ros/humble /usr/bin/cmake --install /home/shucheng/contact/build/contact
[8.555s] -- Install configuration: ""
[8.556s] -- Installing: /home/shucheng/contact/install/contact/lib/contact/contact
[8.567s] -- Set runtime path of "/home/shucheng/contact/install/contact/lib/contact/contact" to ""
[8.567s] -- Installing: /home/shucheng/contact/install/contact/share/ament_index/resource_index/package_run_dependencies/contact
[8.568s] -- Installing: /home/shucheng/contact/install/contact/share/ament_index/resource_index/parent_prefix_path/contact
[8.568s] -- Installing: /home/shucheng/contact/install/contact/share/contact/environment/ament_prefix_path.sh
[8.568s] -- Installing: /home/shucheng/contact/install/contact/share/contact/environment/ament_prefix_path.dsv
[8.568s] -- Installing: /home/shucheng/contact/install/contact/share/contact/environment/path.sh
[8.568s] -- Installing: /home/shucheng/contact/install/contact/share/contact/environment/path.dsv
[8.568s] -- Installing: /home/shucheng/contact/install/contact/share/contact/local_setup.bash
[8.568s] -- Installing: /home/shucheng/contact/install/contact/share/contact/local_setup.sh
[8.569s] -- Installing: /home/shucheng/contact/install/contact/share/contact/local_setup.zsh
[8.569s] -- Installing: /home/shucheng/contact/install/contact/share/contact/local_setup.dsv
[8.569s] -- Installing: /home/shucheng/contact/install/contact/share/contact/package.dsv
[8.570s] -- Installing: /home/shucheng/contact/install/contact/share/ament_index/resource_index/packages/contact
[8.570s] -- Installing: /home/shucheng/contact/install/contact/share/contact/cmake/contactConfig.cmake
[8.571s] -- Installing: /home/shucheng/contact/install/contact/share/contact/cmake/contactConfig-version.cmake
[8.571s] -- Installing: /home/shucheng/contact/install/contact/share/contact/package.xml
[8.573s] Invoked command in '/home/shucheng/contact/build/contact' returned '0': CMAKE_PREFIX_PATH=${CMAKE_PREFIX_PATH}:/opt/ros/humble /usr/bin/cmake --install /home/shucheng/contact/build/contact
